<?xml version="1.0" encoding="UTF-8"?>
<!-- Generated by org.testng.reporters.JUnitXMLReporter -->
<testsuite ignored="0" hostname="DESKTOP-1ACALON" failures="1" tests="2" name="Test" time="37.719" errors="0" timestamp="2023-06-13T15:22:34 IST">
  <testcase classname="testCases.TC_001_AccountRegistrationTest" name="test_registrationaccount" time="7.421">
    <failure type="java.lang.AssertionError" message="expected [Your registration completed!!!] but found [Your registration completed]">
      <![CDATA[java.lang.AssertionError: expected [Your registration completed!!!] but found [Your registration completed]
at testCases.TC_001_AccountRegistrationTest.test_registrationaccount(TC_001_AccountRegistrationTest.java:42)
at java.base/java.util.ArrayList.forEach(ArrayList.java:1511)
... Removed 31 stack frames]]>
    </failure>
  </testcase> <!-- test_registrationaccount -->
  <testcase classname="testCases.Tc_002_LoginTest" name="test_login" time="8.26"/>
</testsuite> <!-- Test -->
