<?xml version="1.0" encoding="UTF-8"?>
<testng-results ignored="0" total="2" passed="2" failed="0" skipped="0">
  <reporter-output>
  </reporter-output>
  <suite started-at="2023-06-19T12:59:01 IST" name="Suite" finished-at="2023-06-19T12:59:21 IST" duration-ms="19442">
    <groups>
      <group name="Master">
        <method signature="TC_001_AccountRegistrationTest.test_registrationaccount()[pri:0, instance:testCases.TC_001_AccountRegistrationTest@72967906]" name="test_registrationaccount" class="testCases.TC_001_AccountRegistrationTest"/>
        <method signature="Tc_002_LoginTest.test_login()[pri:0, instance:testCases.Tc_002_LoginTest@7d8995e]" name="test_login" class="testCases.Tc_002_LoginTest"/>
      </group> <!-- Master -->
      <group name="Sanity">
        <method signature="Tc_002_LoginTest.test_login()[pri:0, instance:testCases.Tc_002_LoginTest@7d8995e]" name="test_login" class="testCases.Tc_002_LoginTest"/>
      </group> <!-- Sanity -->
      <group name="Regression">
        <method signature="TC_001_AccountRegistrationTest.test_registrationaccount()[pri:0, instance:testCases.TC_001_AccountRegistrationTest@72967906]" name="test_registrationaccount" class="testCases.TC_001_AccountRegistrationTest"/>
      </group> <!-- Regression -->
    </groups>
    <test started-at="2023-06-19T12:59:01 IST" name="Test" finished-at="2023-06-19T12:59:21 IST" duration-ms="19442">
      <class name="testCases.TC_001_AccountRegistrationTest">
        <test-method is-config="true" signature="setup(java.lang.String)[pri:0, instance:testCases.TC_001_AccountRegistrationTest@72967906]" started-at="2023-06-19T12:59:02 IST" name="setup" finished-at="2023-06-19T12:59:08 IST" duration-ms="6498" status="PASS">
          <params>
            <param index="0">
              <value>
                <![CDATA[chrome]]>
              </value>
            </param>
          </params>
          <reporter-output>
          </reporter-output>
        </test-method> <!-- setup -->
        <test-method signature="test_registrationaccount()[pri:0, instance:testCases.TC_001_AccountRegistrationTest@72967906]" started-at="2023-06-19T12:59:08 IST" name="test_registrationaccount" finished-at="2023-06-19T12:59:14 IST" duration-ms="5747" status="PASS">
          <reporter-output>
          </reporter-output>
        </test-method> <!-- test_registrationaccount -->
        <test-method is-config="true" signature="logout()[pri:0, instance:testCases.TC_001_AccountRegistrationTest@72967906]" started-at="2023-06-19T12:59:14 IST" name="logout" finished-at="2023-06-19T12:59:14 IST" duration-ms="332" status="PASS">
          <reporter-output>
          </reporter-output>
        </test-method> <!-- logout -->
      </class> <!-- testCases.TC_001_AccountRegistrationTest -->
      <class name="testCases.Tc_002_LoginTest">
        <test-method is-config="true" signature="setup(java.lang.String)[pri:0, instance:testCases.Tc_002_LoginTest@7d8995e]" started-at="2023-06-19T12:59:14 IST" name="setup" finished-at="2023-06-19T12:59:18 IST" duration-ms="3570" status="PASS">
          <params>
            <param index="0">
              <value>
                <![CDATA[chrome]]>
              </value>
            </param>
          </params>
          <reporter-output>
          </reporter-output>
        </test-method> <!-- setup -->
        <test-method signature="test_login()[pri:0, instance:testCases.Tc_002_LoginTest@7d8995e]" started-at="2023-06-19T12:59:18 IST" name="test_login" finished-at="2023-06-19T12:59:20 IST" duration-ms="2528" status="PASS">
          <reporter-output>
          </reporter-output>
        </test-method> <!-- test_login -->
        <test-method is-config="true" signature="logout()[pri:0, instance:testCases.Tc_002_LoginTest@7d8995e]" started-at="2023-06-19T12:59:20 IST" name="logout" finished-at="2023-06-19T12:59:21 IST" duration-ms="313" status="PASS">
          <reporter-output>
          </reporter-output>
        </test-method> <!-- logout -->
      </class> <!-- testCases.Tc_002_LoginTest -->
    </test> <!-- Test -->
  </suite> <!-- Suite -->
</testng-results>
