<?xml version="1.0" encoding="UTF-8"?>
<testng-results ignored="0" total="1" passed="1" failed="0" skipped="0">
  <reporter-output>
  </reporter-output>
  <suite started-at="2023-06-17T15:20:58 IST" name="Failed suite [Failed suite [Suite]]" finished-at="2023-06-17T15:21:13 IST" duration-ms="15888">
    <groups>
      <group name="Master">
        <method signature="TC_001_AccountRegistrationTest.test_registrationaccount()[pri:0, instance:testCases.TC_001_AccountRegistrationTest@223d2c72]" name="test_registrationaccount" class="testCases.TC_001_AccountRegistrationTest"/>
      </group> <!-- Master -->
      <group name="Regression">
        <method signature="TC_001_AccountRegistrationTest.test_registrationaccount()[pri:0, instance:testCases.TC_001_AccountRegistrationTest@223d2c72]" name="test_registrationaccount" class="testCases.TC_001_AccountRegistrationTest"/>
      </group> <!-- Regression -->
    </groups>
    <test started-at="2023-06-17T15:20:58 IST" name="Test(failed)(failed)" finished-at="2023-06-17T15:21:13 IST" duration-ms="15888">
      <class name="testCases.TC_001_AccountRegistrationTest">
        <test-method is-config="true" signature="setup(java.lang.String)[pri:0, instance:testCases.TC_001_AccountRegistrationTest@223d2c72]" started-at="2023-06-17T15:20:58 IST" name="setup" finished-at="2023-06-17T15:21:07 IST" duration-ms="9014" status="PASS">
          <params>
            <param index="0">
              <value>
                <![CDATA[chrome]]>
              </value>
            </param>
          </params>
          <reporter-output>
          </reporter-output>
        </test-method> <!-- setup -->
        <test-method signature="test_registrationaccount()[pri:0, instance:testCases.TC_001_AccountRegistrationTest@223d2c72]" started-at="2023-06-17T15:21:07 IST" name="test_registrationaccount" finished-at="2023-06-17T15:21:13 IST" duration-ms="5726" status="PASS">
          <reporter-output>
          </reporter-output>
        </test-method> <!-- test_registrationaccount -->
        <test-method is-config="true" signature="logout()[pri:0, instance:testCases.TC_001_AccountRegistrationTest@223d2c72]" started-at="2023-06-17T15:21:13 IST" name="logout" finished-at="2023-06-17T15:21:13 IST" duration-ms="380" status="PASS">
          <reporter-output>
          </reporter-output>
        </test-method> <!-- logout -->
      </class> <!-- testCases.TC_001_AccountRegistrationTest -->
    </test> <!-- Test(failed)(failed) -->
  </suite> <!-- Failed suite [Failed suite [Suite]] -->
</testng-results>
